Copyright 1986-2022 Xilinx, Inc. All Rights Reserved. Copyright 2022-2025 Advanced Micro Devices, Inc. All Rights Reserved.
---------------------------------------------------------------------------------------------------------------------------------------------
| Tool Version : Vivado v.2025.1 (win64) Build 6140274 Thu May 22 00:12:29 MDT 2025
| Date         : Wed Apr 22 23:48:30 2026
| Host         : ece-d4000-wshak running 64-bit major release  (build 9200)
| Command      : report_drc -file design_1_wrapper_drc_routed.rpt -pb design_1_wrapper_drc_routed.pb -rpx design_1_wrapper_drc_routed.rpx
| Design       : design_1_wrapper
| Device       : xc7s50csga324-1
| Speed File   : -1
| Design State : Fully Routed
---------------------------------------------------------------------------------------------------------------------------------------------

Report DRC

Table of Contents
-----------------
1. REPORT SUMMARY
2. REPORT DETAILS

1. REPORT SUMMARY
-----------------
            Netlist: netlist
          Floorplan: design_1
      Design limits: <entire design considered>
           Ruledeck: default
             Max checks: <unlimited>
             Checks found: 21
+-----------+----------+----------------------------+--------+
| Rule      | Severity | Description                | Checks |
+-----------+----------+----------------------------+--------+
| CHECK-3   | Warning  | Report rule limit reached  | 1      |
| REQP-1839 | Warning  | RAMB36 async control check | 20     |
+-----------+----------+----------------------------+--------+

2. REPORT DETAILS
-----------------
CHECK-3#1 Warning
Report rule limit reached  
REQP-1839 rule limit reached: 20 violations have been found.
Related violations: <none>

REQP-1839#1 Warning
RAMB36 async control check  
The RAMB36E1 design_1_i/neorv32_vivado_ip_0/U0/neorv32_top_inst/memory_system.neorv32_dmem_enabled.neorv32_dmem_inst/dmem_ram_inst/ram_gen[0].ram_inst/memory_large.spram_reg has an input control pin design_1_i/neorv32_vivado_ip_0/U0/neorv32_top_inst/memory_system.neorv32_dmem_enabled.neorv32_dmem_inst/dmem_ram_inst/ram_gen[0].ram_inst/memory_large.spram_reg/ADDRARDADDR[13] (net: design_1_i/neorv32_vivado_ip_0/U0/neorv32_top_inst/memory_system.neorv32_dmem_enabled.neorv32_dmem_inst/dmem_ram_inst/ram_gen[0].ram_inst/addr_i[10]) which is driven by a register (design_1_i/neorv32_vivado_ip_0/U0/neorv32_top_inst/core_complex_gen[0].neorv32_core_bus_switch_inst/FSM_sequential_state_reg[0]) that has an active asychronous set or reset. This may cause corruption of the memory contents and/or read values when the set/reset is asserted and is not analyzed by the default static timing analysis. It is suggested to eliminate the use of a set/reset to registers driving this RAMB pin or else use a synchronous reset in which the assertion of the reset is timed by default.
Related violations: <none>

REQP-1839#2 Warning
RAMB36 async control check  
The RAMB36E1 design_1_i/neorv32_vivado_ip_0/U0/neorv32_top_inst/memory_system.neorv32_dmem_enabled.neorv32_dmem_inst/dmem_ram_inst/ram_gen[0].ram_inst/memory_large.spram_reg has an input control pin design_1_i/neorv32_vivado_ip_0/U0/neorv32_top_inst/memory_system.neorv32_dmem_enabled.neorv32_dmem_inst/dmem_ram_inst/ram_gen[0].ram_inst/memory_large.spram_reg/ADDRARDADDR[13] (net: design_1_i/neorv32_vivado_ip_0/U0/neorv32_top_inst/memory_system.neorv32_dmem_enabled.neorv32_dmem_inst/dmem_ram_inst/ram_gen[0].ram_inst/addr_i[10]) which is driven by a register (design_1_i/neorv32_vivado_ip_0/U0/neorv32_top_inst/core_complex_gen[0].neorv32_core_bus_switch_inst/FSM_sequential_state_reg[1]) that has an active asychronous set or reset. This may cause corruption of the memory contents and/or read values when the set/reset is asserted and is not analyzed by the default static timing analysis. It is suggested to eliminate the use of a set/reset to registers driving this RAMB pin or else use a synchronous reset in which the assertion of the reset is timed by default.
Related violations: <none>

REQP-1839#3 Warning
RAMB36 async control check  
The RAMB36E1 design_1_i/neorv32_vivado_ip_0/U0/neorv32_top_inst/memory_system.neorv32_dmem_enabled.neorv32_dmem_inst/dmem_ram_inst/ram_gen[0].ram_inst/memory_large.spram_reg has an input control pin design_1_i/neorv32_vivado_ip_0/U0/neorv32_top_inst/memory_system.neorv32_dmem_enabled.neorv32_dmem_inst/dmem_ram_inst/ram_gen[0].ram_inst/memory_large.spram_reg/ADDRARDADDR[13] (net: design_1_i/neorv32_vivado_ip_0/U0/neorv32_top_inst/memory_system.neorv32_dmem_enabled.neorv32_dmem_inst/dmem_ram_inst/ram_gen[0].ram_inst/addr_i[10]) which is driven by a register (design_1_i/neorv32_vivado_ip_0/U0/neorv32_top_inst/core_complex_gen[0].neorv32_core_bus_switch_inst/b_req_reg) that has an active asychronous set or reset. This may cause corruption of the memory contents and/or read values when the set/reset is asserted and is not analyzed by the default static timing analysis. It is suggested to eliminate the use of a set/reset to registers driving this RAMB pin or else use a synchronous reset in which the assertion of the reset is timed by default.
Related violations: <none>

REQP-1839#4 Warning
RAMB36 async control check  
The RAMB36E1 design_1_i/neorv32_vivado_ip_0/U0/neorv32_top_inst/memory_system.neorv32_dmem_enabled.neorv32_dmem_inst/dmem_ram_inst/ram_gen[0].ram_inst/memory_large.spram_reg has an input control pin design_1_i/neorv32_vivado_ip_0/U0/neorv32_top_inst/memory_system.neorv32_dmem_enabled.neorv32_dmem_inst/dmem_ram_inst/ram_gen[0].ram_inst/memory_large.spram_reg/ADDRARDADDR[14] (net: design_1_i/neorv32_vivado_ip_0/U0/neorv32_top_inst/memory_system.neorv32_dmem_enabled.neorv32_dmem_inst/dmem_ram_inst/ram_gen[0].ram_inst/addr_i[11]) which is driven by a register (design_1_i/neorv32_vivado_ip_0/U0/neorv32_top_inst/core_complex_gen[0].neorv32_core_bus_switch_inst/FSM_sequential_state_reg[0]) that has an active asychronous set or reset. This may cause corruption of the memory contents and/or read values when the set/reset is asserted and is not analyzed by the default static timing analysis. It is suggested to eliminate the use of a set/reset to registers driving this RAMB pin or else use a synchronous reset in which the assertion of the reset is timed by default.
Related violations: <none>

REQP-1839#5 Warning
RAMB36 async control check  
The RAMB36E1 design_1_i/neorv32_vivado_ip_0/U0/neorv32_top_inst/memory_system.neorv32_dmem_enabled.neorv32_dmem_inst/dmem_ram_inst/ram_gen[0].ram_inst/memory_large.spram_reg has an input control pin design_1_i/neorv32_vivado_ip_0/U0/neorv32_top_inst/memory_system.neorv32_dmem_enabled.neorv32_dmem_inst/dmem_ram_inst/ram_gen[0].ram_inst/memory_large.spram_reg/ADDRARDADDR[14] (net: design_1_i/neorv32_vivado_ip_0/U0/neorv32_top_inst/memory_system.neorv32_dmem_enabled.neorv32_dmem_inst/dmem_ram_inst/ram_gen[0].ram_inst/addr_i[11]) which is driven by a register (design_1_i/neorv32_vivado_ip_0/U0/neorv32_top_inst/core_complex_gen[0].neorv32_core_bus_switch_inst/FSM_sequential_state_reg[1]) that has an active asychronous set or reset. This may cause corruption of the memory contents and/or read values when the set/reset is asserted and is not analyzed by the default static timing analysis. It is suggested to eliminate the use of a set/reset to registers driving this RAMB pin or else use a synchronous reset in which the assertion of the reset is timed by default.
Related violations: <none>

REQP-1839#6 Warning
RAMB36 async control check  
The RAMB36E1 design_1_i/neorv32_vivado_ip_0/U0/neorv32_top_inst/memory_system.neorv32_dmem_enabled.neorv32_dmem_inst/dmem_ram_inst/ram_gen[0].ram_inst/memory_large.spram_reg has an input control pin design_1_i/neorv32_vivado_ip_0/U0/neorv32_top_inst/memory_system.neorv32_dmem_enabled.neorv32_dmem_inst/dmem_ram_inst/ram_gen[0].ram_inst/memory_large.spram_reg/ADDRARDADDR[14] (net: design_1_i/neorv32_vivado_ip_0/U0/neorv32_top_inst/memory_system.neorv32_dmem_enabled.neorv32_dmem_inst/dmem_ram_inst/ram_gen[0].ram_inst/addr_i[11]) which is driven by a register (design_1_i/neorv32_vivado_ip_0/U0/neorv32_top_inst/core_complex_gen[0].neorv32_core_bus_switch_inst/a_req_reg) that has an active asychronous set or reset. This may cause corruption of the memory contents and/or read values when the set/reset is asserted and is not analyzed by the default static timing analysis. It is suggested to eliminate the use of a set/reset to registers driving this RAMB pin or else use a synchronous reset in which the assertion of the reset is timed by default.
Related violations: <none>

REQP-1839#7 Warning
RAMB36 async control check  
The RAMB36E1 design_1_i/neorv32_vivado_ip_0/U0/neorv32_top_inst/memory_system.neorv32_dmem_enabled.neorv32_dmem_inst/dmem_ram_inst/ram_gen[0].ram_inst/memory_large.spram_reg has an input control pin design_1_i/neorv32_vivado_ip_0/U0/neorv32_top_inst/memory_system.neorv32_dmem_enabled.neorv32_dmem_inst/dmem_ram_inst/ram_gen[0].ram_inst/memory_large.spram_reg/ADDRARDADDR[14] (net: design_1_i/neorv32_vivado_ip_0/U0/neorv32_top_inst/memory_system.neorv32_dmem_enabled.neorv32_dmem_inst/dmem_ram_inst/ram_gen[0].ram_inst/addr_i[11]) which is driven by a register (design_1_i/neorv32_vivado_ip_0/U0/neorv32_top_inst/core_complex_gen[0].neorv32_core_bus_switch_inst/b_req_reg) that has an active asychronous set or reset. This may cause corruption of the memory contents and/or read values when the set/reset is asserted and is not analyzed by the default static timing analysis. It is suggested to eliminate the use of a set/reset to registers driving this RAMB pin or else use a synchronous reset in which the assertion of the reset is timed by default.
Related violations: <none>

REQP-1839#8 Warning
RAMB36 async control check  
The RAMB36E1 design_1_i/neorv32_vivado_ip_0/U0/neorv32_top_inst/memory_system.neorv32_dmem_enabled.neorv32_dmem_inst/dmem_ram_inst/ram_gen[0].ram_inst/memory_large.spram_reg has an input control pin design_1_i/neorv32_vivado_ip_0/U0/neorv32_top_inst/memory_system.neorv32_dmem_enabled.neorv32_dmem_inst/dmem_ram_inst/ram_gen[0].ram_inst/memory_large.spram_reg/ADDRARDADDR[14] (net: design_1_i/neorv32_vivado_ip_0/U0/neorv32_top_inst/memory_system.neorv32_dmem_enabled.neorv32_dmem_inst/dmem_ram_inst/ram_gen[0].ram_inst/addr_i[11]) which is driven by a register (design_1_i/neorv32_vivado_ip_0/U0/neorv32_top_inst/core_complex_gen[0].neorv32_cpu_inst/neorv32_cpu_control_inst/ctrl_reg[lsu_req]) that has an active asychronous set or reset. This may cause corruption of the memory contents and/or read values when the set/reset is asserted and is not analyzed by the default static timing analysis. It is suggested to eliminate the use of a set/reset to registers driving this RAMB pin or else use a synchronous reset in which the assertion of the reset is timed by default.
Related violations: <none>

REQP-1839#9 Warning
RAMB36 async control check  
The RAMB36E1 design_1_i/neorv32_vivado_ip_0/U0/neorv32_top_inst/memory_system.neorv32_dmem_enabled.neorv32_dmem_inst/dmem_ram_inst/ram_gen[0].ram_inst/memory_large.spram_reg has an input control pin design_1_i/neorv32_vivado_ip_0/U0/neorv32_top_inst/memory_system.neorv32_dmem_enabled.neorv32_dmem_inst/dmem_ram_inst/ram_gen[0].ram_inst/memory_large.spram_reg/ADDRARDADDR[14] (net: design_1_i/neorv32_vivado_ip_0/U0/neorv32_top_inst/memory_system.neorv32_dmem_enabled.neorv32_dmem_inst/dmem_ram_inst/ram_gen[0].ram_inst/addr_i[11]) which is driven by a register (design_1_i/neorv32_vivado_ip_0/U0/neorv32_top_inst/core_complex_gen[0].neorv32_cpu_inst/neorv32_cpu_frontend_inst/FSM_onehot_fetch_reg[state][1]) that has an active asychronous set or reset. This may cause corruption of the memory contents and/or read values when the set/reset is asserted and is not analyzed by the default static timing analysis. It is suggested to eliminate the use of a set/reset to registers driving this RAMB pin or else use a synchronous reset in which the assertion of the reset is timed by default.
Related violations: <none>

REQP-1839#10 Warning
RAMB36 async control check  
The RAMB36E1 design_1_i/neorv32_vivado_ip_0/U0/neorv32_top_inst/memory_system.neorv32_dmem_enabled.neorv32_dmem_inst/dmem_ram_inst/ram_gen[0].ram_inst/memory_large.spram_reg has an input control pin design_1_i/neorv32_vivado_ip_0/U0/neorv32_top_inst/memory_system.neorv32_dmem_enabled.neorv32_dmem_inst/dmem_ram_inst/ram_gen[0].ram_inst/memory_large.spram_reg/ADDRARDADDR[14] (net: design_1_i/neorv32_vivado_ip_0/U0/neorv32_top_inst/memory_system.neorv32_dmem_enabled.neorv32_dmem_inst/dmem_ram_inst/ram_gen[0].ram_inst/addr_i[11]) which is driven by a register (design_1_i/neorv32_vivado_ip_0/U0/neorv32_top_inst/core_complex_gen[0].neorv32_cpu_inst/neorv32_cpu_frontend_inst/fetch_reg[addr][13]) that has an active asychronous set or reset. This may cause corruption of the memory contents and/or read values when the set/reset is asserted and is not analyzed by the default static timing analysis. It is suggested to eliminate the use of a set/reset to registers driving this RAMB pin or else use a synchronous reset in which the assertion of the reset is timed by default.
Related violations: <none>

REQP-1839#11 Warning
RAMB36 async control check  
The RAMB36E1 design_1_i/neorv32_vivado_ip_0/U0/neorv32_top_inst/memory_system.neorv32_dmem_enabled.neorv32_dmem_inst/dmem_ram_inst/ram_gen[0].ram_inst/memory_large.spram_reg has an input control pin design_1_i/neorv32_vivado_ip_0/U0/neorv32_top_inst/memory_system.neorv32_dmem_enabled.neorv32_dmem_inst/dmem_ram_inst/ram_gen[0].ram_inst/memory_large.spram_reg/ADDRARDADDR[14] (net: design_1_i/neorv32_vivado_ip_0/U0/neorv32_top_inst/memory_system.neorv32_dmem_enabled.neorv32_dmem_inst/dmem_ram_inst/ram_gen[0].ram_inst/addr_i[11]) which is driven by a register (design_1_i/neorv32_vivado_ip_0/U0/neorv32_top_inst/core_complex_gen[0].neorv32_cpu_inst/neorv32_cpu_frontend_inst/prefetch_buffer[0].ipb_inst/r_pnt_reg[0]) that has an active asychronous set or reset. This may cause corruption of the memory contents and/or read values when the set/reset is asserted and is not analyzed by the default static timing analysis. It is suggested to eliminate the use of a set/reset to registers driving this RAMB pin or else use a synchronous reset in which the assertion of the reset is timed by default.
Related violations: <none>

REQP-1839#12 Warning
RAMB36 async control check  
The RAMB36E1 design_1_i/neorv32_vivado_ip_0/U0/neorv32_top_inst/memory_system.neorv32_dmem_enabled.neorv32_dmem_inst/dmem_ram_inst/ram_gen[0].ram_inst/memory_large.spram_reg has an input control pin design_1_i/neorv32_vivado_ip_0/U0/neorv32_top_inst/memory_system.neorv32_dmem_enabled.neorv32_dmem_inst/dmem_ram_inst/ram_gen[0].ram_inst/memory_large.spram_reg/ADDRARDADDR[14] (net: design_1_i/neorv32_vivado_ip_0/U0/neorv32_top_inst/memory_system.neorv32_dmem_enabled.neorv32_dmem_inst/dmem_ram_inst/ram_gen[0].ram_inst/addr_i[11]) which is driven by a register (design_1_i/neorv32_vivado_ip_0/U0/neorv32_top_inst/core_complex_gen[0].neorv32_cpu_inst/neorv32_cpu_frontend_inst/prefetch_buffer[0].ipb_inst/r_pnt_reg[1]) that has an active asychronous set or reset. This may cause corruption of the memory contents and/or read values when the set/reset is asserted and is not analyzed by the default static timing analysis. It is suggested to eliminate the use of a set/reset to registers driving this RAMB pin or else use a synchronous reset in which the assertion of the reset is timed by default.
Related violations: <none>

REQP-1839#13 Warning
RAMB36 async control check  
The RAMB36E1 design_1_i/neorv32_vivado_ip_0/U0/neorv32_top_inst/memory_system.neorv32_dmem_enabled.neorv32_dmem_inst/dmem_ram_inst/ram_gen[0].ram_inst/memory_large.spram_reg has an input control pin design_1_i/neorv32_vivado_ip_0/U0/neorv32_top_inst/memory_system.neorv32_dmem_enabled.neorv32_dmem_inst/dmem_ram_inst/ram_gen[0].ram_inst/memory_large.spram_reg/ADDRARDADDR[14] (net: design_1_i/neorv32_vivado_ip_0/U0/neorv32_top_inst/memory_system.neorv32_dmem_enabled.neorv32_dmem_inst/dmem_ram_inst/ram_gen[0].ram_inst/addr_i[11]) which is driven by a register (design_1_i/neorv32_vivado_ip_0/U0/neorv32_top_inst/core_complex_gen[0].neorv32_cpu_inst/neorv32_cpu_frontend_inst/prefetch_buffer[0].ipb_inst/w_pnt_reg[0]) that has an active asychronous set or reset. This may cause corruption of the memory contents and/or read values when the set/reset is asserted and is not analyzed by the default static timing analysis. It is suggested to eliminate the use of a set/reset to registers driving this RAMB pin or else use a synchronous reset in which the assertion of the reset is timed by default.
Related violations: <none>

REQP-1839#14 Warning
RAMB36 async control check  
The RAMB36E1 design_1_i/neorv32_vivado_ip_0/U0/neorv32_top_inst/memory_system.neorv32_dmem_enabled.neorv32_dmem_inst/dmem_ram_inst/ram_gen[0].ram_inst/memory_large.spram_reg has an input control pin design_1_i/neorv32_vivado_ip_0/U0/neorv32_top_inst/memory_system.neorv32_dmem_enabled.neorv32_dmem_inst/dmem_ram_inst/ram_gen[0].ram_inst/memory_large.spram_reg/ADDRARDADDR[14] (net: design_1_i/neorv32_vivado_ip_0/U0/neorv32_top_inst/memory_system.neorv32_dmem_enabled.neorv32_dmem_inst/dmem_ram_inst/ram_gen[0].ram_inst/addr_i[11]) which is driven by a register (design_1_i/neorv32_vivado_ip_0/U0/neorv32_top_inst/core_complex_gen[0].neorv32_cpu_inst/neorv32_cpu_frontend_inst/prefetch_buffer[0].ipb_inst/w_pnt_reg[1]) that has an active asychronous set or reset. This may cause corruption of the memory contents and/or read values when the set/reset is asserted and is not analyzed by the default static timing analysis. It is suggested to eliminate the use of a set/reset to registers driving this RAMB pin or else use a synchronous reset in which the assertion of the reset is timed by default.
Related violations: <none>

REQP-1839#15 Warning
RAMB36 async control check  
The RAMB36E1 design_1_i/neorv32_vivado_ip_0/U0/neorv32_top_inst/memory_system.neorv32_dmem_enabled.neorv32_dmem_inst/dmem_ram_inst/ram_gen[0].ram_inst/memory_large.spram_reg has an input control pin design_1_i/neorv32_vivado_ip_0/U0/neorv32_top_inst/memory_system.neorv32_dmem_enabled.neorv32_dmem_inst/dmem_ram_inst/ram_gen[0].ram_inst/memory_large.spram_reg/ADDRARDADDR[14] (net: design_1_i/neorv32_vivado_ip_0/U0/neorv32_top_inst/memory_system.neorv32_dmem_enabled.neorv32_dmem_inst/dmem_ram_inst/ram_gen[0].ram_inst/addr_i[11]) which is driven by a register (design_1_i/neorv32_vivado_ip_0/U0/neorv32_top_inst/core_complex_gen[0].neorv32_cpu_inst/neorv32_cpu_frontend_inst/prefetch_buffer[1].ipb_inst/r_pnt_reg[0]) that has an active asychronous set or reset. This may cause corruption of the memory contents and/or read values when the set/reset is asserted and is not analyzed by the default static timing analysis. It is suggested to eliminate the use of a set/reset to registers driving this RAMB pin or else use a synchronous reset in which the assertion of the reset is timed by default.
Related violations: <none>

REQP-1839#16 Warning
RAMB36 async control check  
The RAMB36E1 design_1_i/neorv32_vivado_ip_0/U0/neorv32_top_inst/memory_system.neorv32_dmem_enabled.neorv32_dmem_inst/dmem_ram_inst/ram_gen[0].ram_inst/memory_large.spram_reg has an input control pin design_1_i/neorv32_vivado_ip_0/U0/neorv32_top_inst/memory_system.neorv32_dmem_enabled.neorv32_dmem_inst/dmem_ram_inst/ram_gen[0].ram_inst/memory_large.spram_reg/ADDRARDADDR[14] (net: design_1_i/neorv32_vivado_ip_0/U0/neorv32_top_inst/memory_system.neorv32_dmem_enabled.neorv32_dmem_inst/dmem_ram_inst/ram_gen[0].ram_inst/addr_i[11]) which is driven by a register (design_1_i/neorv32_vivado_ip_0/U0/neorv32_top_inst/core_complex_gen[0].neorv32_cpu_inst/neorv32_cpu_frontend_inst/prefetch_buffer[1].ipb_inst/r_pnt_reg[1]) that has an active asychronous set or reset. This may cause corruption of the memory contents and/or read values when the set/reset is asserted and is not analyzed by the default static timing analysis. It is suggested to eliminate the use of a set/reset to registers driving this RAMB pin or else use a synchronous reset in which the assertion of the reset is timed by default.
Related violations: <none>

REQP-1839#17 Warning
RAMB36 async control check  
The RAMB36E1 design_1_i/neorv32_vivado_ip_0/U0/neorv32_top_inst/memory_system.neorv32_dmem_enabled.neorv32_dmem_inst/dmem_ram_inst/ram_gen[0].ram_inst/memory_large.spram_reg has an input control pin design_1_i/neorv32_vivado_ip_0/U0/neorv32_top_inst/memory_system.neorv32_dmem_enabled.neorv32_dmem_inst/dmem_ram_inst/ram_gen[0].ram_inst/memory_large.spram_reg/ADDRARDADDR[14] (net: design_1_i/neorv32_vivado_ip_0/U0/neorv32_top_inst/memory_system.neorv32_dmem_enabled.neorv32_dmem_inst/dmem_ram_inst/ram_gen[0].ram_inst/addr_i[11]) which is driven by a register (design_1_i/neorv32_vivado_ip_0/U0/neorv32_top_inst/core_complex_gen[0].neorv32_cpu_inst/neorv32_cpu_frontend_inst/prefetch_buffer[1].ipb_inst/w_pnt_reg[0]) that has an active asychronous set or reset. This may cause corruption of the memory contents and/or read values when the set/reset is asserted and is not analyzed by the default static timing analysis. It is suggested to eliminate the use of a set/reset to registers driving this RAMB pin or else use a synchronous reset in which the assertion of the reset is timed by default.
Related violations: <none>

REQP-1839#18 Warning
RAMB36 async control check  
The RAMB36E1 design_1_i/neorv32_vivado_ip_0/U0/neorv32_top_inst/memory_system.neorv32_dmem_enabled.neorv32_dmem_inst/dmem_ram_inst/ram_gen[0].ram_inst/memory_large.spram_reg has an input control pin design_1_i/neorv32_vivado_ip_0/U0/neorv32_top_inst/memory_system.neorv32_dmem_enabled.neorv32_dmem_inst/dmem_ram_inst/ram_gen[0].ram_inst/memory_large.spram_reg/ADDRARDADDR[14] (net: design_1_i/neorv32_vivado_ip_0/U0/neorv32_top_inst/memory_system.neorv32_dmem_enabled.neorv32_dmem_inst/dmem_ram_inst/ram_gen[0].ram_inst/addr_i[11]) which is driven by a register (design_1_i/neorv32_vivado_ip_0/U0/neorv32_top_inst/core_complex_gen[0].neorv32_cpu_inst/neorv32_cpu_frontend_inst/prefetch_buffer[1].ipb_inst/w_pnt_reg[1]) that has an active asychronous set or reset. This may cause corruption of the memory contents and/or read values when the set/reset is asserted and is not analyzed by the default static timing analysis. It is suggested to eliminate the use of a set/reset to registers driving this RAMB pin or else use a synchronous reset in which the assertion of the reset is timed by default.
Related violations: <none>

REQP-1839#19 Warning
RAMB36 async control check  
The RAMB36E1 design_1_i/neorv32_vivado_ip_0/U0/neorv32_top_inst/memory_system.neorv32_dmem_enabled.neorv32_dmem_inst/dmem_ram_inst/ram_gen[0].ram_inst/memory_large.spram_reg has an input control pin design_1_i/neorv32_vivado_ip_0/U0/neorv32_top_inst/memory_system.neorv32_dmem_enabled.neorv32_dmem_inst/dmem_ram_inst/ram_gen[0].ram_inst/memory_large.spram_reg/ADDRARDADDR[14] (net: design_1_i/neorv32_vivado_ip_0/U0/neorv32_top_inst/memory_system.neorv32_dmem_enabled.neorv32_dmem_inst/dmem_ram_inst/ram_gen[0].ram_inst/addr_i[11]) which is driven by a register (design_1_i/neorv32_vivado_ip_0/U0/neorv32_top_inst/core_complex_gen[0].neorv32_cpu_inst/neorv32_cpu_lsu_inst/misalign_reg) that has an active asychronous set or reset. This may cause corruption of the memory contents and/or read values when the set/reset is asserted and is not analyzed by the default static timing analysis. It is suggested to eliminate the use of a set/reset to registers driving this RAMB pin or else use a synchronous reset in which the assertion of the reset is timed by default.
Related violations: <none>

REQP-1839#20 Warning
RAMB36 async control check  
The RAMB36E1 design_1_i/neorv32_vivado_ip_0/U0/neorv32_top_inst/memory_system.neorv32_dmem_enabled.neorv32_dmem_inst/dmem_ram_inst/ram_gen[0].ram_inst/memory_large.spram_reg has an input control pin design_1_i/neorv32_vivado_ip_0/U0/neorv32_top_inst/memory_system.neorv32_dmem_enabled.neorv32_dmem_inst/dmem_ram_inst/ram_gen[0].ram_inst/memory_large.spram_reg/ADDRARDADDR[14] (net: design_1_i/neorv32_vivado_ip_0/U0/neorv32_top_inst/memory_system.neorv32_dmem_enabled.neorv32_dmem_inst/dmem_ram_inst/ram_gen[0].ram_inst/addr_i[11]) which is driven by a register (design_1_i/neorv32_vivado_ip_0/U0/neorv32_top_inst/core_complex_gen[0].neorv32_cpu_inst/neorv32_cpu_lsu_inst/req_reg[addr][13]) that has an active asychronous set or reset. This may cause corruption of the memory contents and/or read values when the set/reset is asserted and is not analyzed by the default static timing analysis. It is suggested to eliminate the use of a set/reset to registers driving this RAMB pin or else use a synchronous reset in which the assertion of the reset is timed by default.
Related violations: <none>


